<?xml version="1.0" encoding="UTF-8"?>
<!-- Generated by org.testng.reporters.JUnitReportReporter -->
<testsuite hostname="Shikha" failures="0" tests="4" name="test_api.Demo" time="3.734" errors="0" timestamp="2022-06-13T16:46:19 IST" skipped="0">
  <testcase classname="test_api.Demo" name="testGET" time="2.294"/>
  <system-out/>
  <testcase classname="test_api.Demo" name="testPOST" time="0.483"/>
  <system-out/>
  <testcase classname="test_api.Demo" name="testPUT" time="0.467"/>
  <system-out/>
  <testcase classname="test_api.Demo" name="testDELETE" time="0.490"/>
  <system-out/>
</testsuite> <!-- test_api.Demo -->
