<?xml version="1.0" encoding="UTF-8"?>
<!-- Generated by org.testng.reporters.JUnitReportReporter -->
<testsuite hostname="Shikha" failures="0" tests="4" name="test_api.TestOne" time="4.507" errors="0" timestamp="2022-06-13T17:39:28 IST" skipped="0">
  <testcase classname="test_api.TestOne" name="testGET" time="3.013"/>
  <system-out/>
  <testcase classname="test_api.TestOne" name="testPOST" time="0.454"/>
  <system-out/>
  <testcase classname="test_api.TestOne" name="testDELETE" time="0.495"/>
  <system-out/>
  <testcase classname="test_api.TestOne" name="testPUT" time="0.545"/>
  <system-out/>
</testsuite> <!-- test_api.TestOne -->
